<?xml version="1.0" encoding="UTF-8"?>
<!-- Generated by org.testng.reporters.JUnitReportReporter -->
<testsuite skipped="0" hostname="Chinmay" name="com.UnitTestCases.org.TestCases" tests="2" failures="0" timestamp="06 May 2020 16:20:47 GMT" time="23.121" errors="0">
  <testcase name="launchbrowser" time="5.067" classname="com.UnitTestCases.org.TestCases"/>
  <testcase name="getapplist" time="18.054" classname="com.UnitTestCases.org.TestCases"/>
</testsuite> <!-- com.UnitTestCases.org.TestCases -->
